2022:03:01 14:07:59.495 [restartedMain] INFO   -
				Starting AccountApiApplication using Java 15.0.2 on LAPTOP-TK3BVVKC with PID 16260 (C:\Users\91974\OneDrive\Documents\spring-boot\AccountApi\target\classes started by 91974 in C:\Users\91974\OneDrive\Documents\spring-boot\AccountApi)
2022:03:01 14:07:59.512 [restartedMain] DEBUG  -
				Running with Spring Boot v2.4.5, Spring v5.3.6
2022:03:01 14:07:59.513 [restartedMain] INFO   -
				No active profile set, falling back to default profiles: default
2022:03:01 14:07:59.581 [restartedMain] INFO   -
				Devtools property defaults active! Set 'spring.devtools.add-properties' to 'false' to disable
2022:03:01 14:07:59.582 [restartedMain] INFO   -
				For additional web related logging consider setting the 'logging.level.web' property to 'DEBUG'
2022:03:01 14:08:00.759 [restartedMain] INFO   -
				Tomcat initialized with port(s): 8080 (http)
2022:03:01 14:08:00.768 [restartedMain] INFO   -
				Starting service [Tomcat]
2022:03:01 14:08:00.768 [restartedMain] INFO   -
				Starting Servlet engine: [Apache Tomcat/9.0.45]
2022:03:01 14:08:00.853 [restartedMain] INFO   -
				Initializing Spring embedded WebApplicationContext
2022:03:01 14:08:00.854 [restartedMain] INFO   -
				Root WebApplicationContext: initialization completed in 1271 ms
2022:03:01 14:08:01.270 [restartedMain] INFO   -
				LiveReload server is running on port 35729
2022:03:01 14:08:01.310 [restartedMain] INFO   -
				Tomcat started on port(s): 8080 (http) with context path ''
2022:03:01 14:08:01.321 [restartedMain] INFO   -
				Started AccountApiApplication in 2.761 seconds (JVM running for 4.768)
2022:03:01 14:33:35.089 [restartedMain] INFO   -
				Starting AccountApiApplication using Java 15.0.2 on LAPTOP-TK3BVVKC with PID 16260 (C:\Users\91974\OneDrive\Documents\spring-boot\AccountApi\target\classes started by 91974 in C:\Users\91974\OneDrive\Documents\spring-boot\AccountApi)
2022:03:01 14:33:35.089 [restartedMain] DEBUG  -
				Running with Spring Boot v2.4.5, Spring v5.3.6
2022:03:01 14:33:35.089 [restartedMain] INFO   -
				No active profile set, falling back to default profiles: default
2022:03:01 14:33:35.262 [restartedMain] INFO   -
				Tomcat initialized with port(s): 8080 (http)
2022:03:01 14:33:35.263 [restartedMain] INFO   -
				Starting service [Tomcat]
2022:03:01 14:33:35.263 [restartedMain] INFO   -
				Starting Servlet engine: [Apache Tomcat/9.0.45]
2022:03:01 14:33:35.284 [restartedMain] INFO   -
				Initializing Spring embedded WebApplicationContext
2022:03:01 14:33:35.284 [restartedMain] INFO   -
				Root WebApplicationContext: initialization completed in 193 ms
2022:03:01 14:33:35.362 [restartedMain] INFO   -
				LiveReload server is running on port 35729
2022:03:01 14:33:35.373 [restartedMain] INFO   -
				Tomcat started on port(s): 8080 (http) with context path ''
2022:03:01 14:33:35.378 [restartedMain] INFO   -
				Started AccountApiApplication in 0.364 seconds (JVM running for 1538.825)
2022:03:01 14:33:35.380 [restartedMain] INFO   -
				Condition evaluation unchanged
2022:03:01 14:34:15.948 [restartedMain] INFO   -
				Starting AccountApiApplication using Java 15.0.2 on LAPTOP-TK3BVVKC with PID 16260 (C:\Users\91974\OneDrive\Documents\spring-boot\AccountApi\target\classes started by 91974 in C:\Users\91974\OneDrive\Documents\spring-boot\AccountApi)
2022:03:01 14:34:15.948 [restartedMain] DEBUG  -
				Running with Spring Boot v2.4.5, Spring v5.3.6
2022:03:01 14:34:15.948 [restartedMain] INFO   -
				No active profile set, falling back to default profiles: default
2022:03:01 14:34:16.103 [restartedMain] INFO   -
				Tomcat initialized with port(s): 8080 (http)
2022:03:01 14:34:16.104 [restartedMain] INFO   -
				Starting service [Tomcat]
2022:03:01 14:34:16.104 [restartedMain] INFO   -
				Starting Servlet engine: [Apache Tomcat/9.0.45]
2022:03:01 14:34:16.127 [restartedMain] INFO   -
				Initializing Spring embedded WebApplicationContext
2022:03:01 14:34:16.127 [restartedMain] INFO   -
				Root WebApplicationContext: initialization completed in 177 ms
2022:03:01 14:34:16.198 [restartedMain] INFO   -
				LiveReload server is running on port 35729
2022:03:01 14:34:16.208 [restartedMain] INFO   -
				Tomcat started on port(s): 8080 (http) with context path ''
2022:03:01 14:34:16.214 [restartedMain] INFO   -
				Started AccountApiApplication in 0.302 seconds (JVM running for 1579.661)
2022:03:01 14:34:16.216 [restartedMain] INFO   -
				Condition evaluation unchanged
2022:03:01 14:34:29.965 [restartedMain] INFO   -
				Starting AccountApiApplication using Java 15.0.2 on LAPTOP-TK3BVVKC with PID 16260 (C:\Users\91974\OneDrive\Documents\spring-boot\AccountApi\target\classes started by 91974 in C:\Users\91974\OneDrive\Documents\spring-boot\AccountApi)
2022:03:01 14:34:29.966 [restartedMain] DEBUG  -
				Running with Spring Boot v2.4.5, Spring v5.3.6
2022:03:01 14:34:29.966 [restartedMain] INFO   -
				No active profile set, falling back to default profiles: default
2022:03:01 14:34:30.110 [restartedMain] INFO   -
				Tomcat initialized with port(s): 8080 (http)
2022:03:01 14:34:30.111 [restartedMain] INFO   -
				Starting service [Tomcat]
2022:03:01 14:34:30.112 [restartedMain] INFO   -
				Starting Servlet engine: [Apache Tomcat/9.0.45]
2022:03:01 14:34:30.130 [restartedMain] INFO   -
				Initializing Spring embedded WebApplicationContext
2022:03:01 14:34:30.130 [restartedMain] INFO   -
				Root WebApplicationContext: initialization completed in 162 ms
2022:03:01 14:34:30.185 [restartedMain] INFO   -
				LiveReload server is running on port 35729
2022:03:01 14:34:30.193 [restartedMain] INFO   -
				Tomcat started on port(s): 8080 (http) with context path ''
2022:03:01 14:34:30.198 [restartedMain] INFO   -
				Started AccountApiApplication in 0.267 seconds (JVM running for 1593.645)
2022:03:01 14:34:30.200 [restartedMain] INFO   -
				Condition evaluation unchanged
2022:03:01 14:37:51.499 [restartedMain] INFO   -
				Starting AccountApiApplication using Java 15.0.2 on LAPTOP-TK3BVVKC with PID 16260 (C:\Users\91974\OneDrive\Documents\spring-boot\AccountApi\target\classes started by 91974 in C:\Users\91974\OneDrive\Documents\spring-boot\AccountApi)
2022:03:01 14:37:51.499 [restartedMain] DEBUG  -
				Running with Spring Boot v2.4.5, Spring v5.3.6
2022:03:01 14:37:51.499 [restartedMain] INFO   -
				No active profile set, falling back to default profiles: default
2022:03:01 14:37:51.646 [restartedMain] INFO   -
				Tomcat initialized with port(s): 8080 (http)
2022:03:01 14:37:51.647 [restartedMain] INFO   -
				Starting service [Tomcat]
2022:03:01 14:37:51.648 [restartedMain] INFO   -
				Starting Servlet engine: [Apache Tomcat/9.0.45]
2022:03:01 14:37:51.668 [restartedMain] INFO   -
				Initializing Spring embedded WebApplicationContext
2022:03:01 14:37:51.668 [restartedMain] INFO   -
				Root WebApplicationContext: initialization completed in 167 ms
2022:03:01 14:37:51.724 [restartedMain] INFO   -
				LiveReload server is running on port 35729
2022:03:01 14:37:51.731 [restartedMain] INFO   -
				Tomcat started on port(s): 8080 (http) with context path ''
2022:03:01 14:37:51.735 [restartedMain] INFO   -
				Started AccountApiApplication in 0.265 seconds (JVM running for 1795.182)
2022:03:01 14:37:51.738 [restartedMain] INFO   -
				Condition evaluation unchanged
2022:03:01 14:44:24.664 [http-nio-8080-exec-1] INFO   -
				Initializing Spring DispatcherServlet 'dispatcherServlet'
2022:03:01 14:44:24.705 [http-nio-8080-exec-1] INFO   -
				Initializing Servlet 'dispatcherServlet'
2022:03:01 14:44:24.706 [http-nio-8080-exec-1] INFO   -
				Completed initialization in 1 ms
2022:03:01 14:44:24.960 [http-nio-8080-exec-1] WARN   -
				Resolved [org.springframework.web.bind.MissingServletRequestParameterException: Required request parameter 'page' for method parameter type int is not present]
2022:03:01 14:55:57.372 [restartedMain] INFO   -
				Starting AccountApiApplication using Java 15.0.2 on LAPTOP-TK3BVVKC with PID 16260 (C:\Users\91974\OneDrive\Documents\spring-boot\AccountApi\target\classes started by 91974 in C:\Users\91974\OneDrive\Documents\spring-boot\AccountApi)
2022:03:01 14:55:57.372 [restartedMain] DEBUG  -
				Running with Spring Boot v2.4.5, Spring v5.3.6
2022:03:01 14:55:57.372 [restartedMain] INFO   -
				No active profile set, falling back to default profiles: default
2022:03:01 14:55:57.523 [restartedMain] INFO   -
				Tomcat initialized with port(s): 8080 (http)
2022:03:01 14:55:57.523 [restartedMain] INFO   -
				Starting service [Tomcat]
2022:03:01 14:55:57.524 [restartedMain] INFO   -
				Starting Servlet engine: [Apache Tomcat/9.0.45]
2022:03:01 14:55:57.544 [restartedMain] INFO   -
				Initializing Spring embedded WebApplicationContext
2022:03:01 14:55:57.545 [restartedMain] INFO   -
				Root WebApplicationContext: initialization completed in 171 ms
2022:03:01 14:55:57.599 [restartedMain] INFO   -
				LiveReload server is running on port 35729
2022:03:01 14:55:57.608 [restartedMain] INFO   -
				Tomcat started on port(s): 8080 (http) with context path ''
2022:03:01 14:55:57.611 [restartedMain] INFO   -
				Started AccountApiApplication in 0.295 seconds (JVM running for 2881.059)
2022:03:01 14:55:57.612 [restartedMain] INFO   -
				Condition evaluation unchanged
2022:03:01 14:55:59.201 [restartedMain] INFO   -
				Starting AccountApiApplication using Java 15.0.2 on LAPTOP-TK3BVVKC with PID 16260 (C:\Users\91974\OneDrive\Documents\spring-boot\AccountApi\target\classes started by 91974 in C:\Users\91974\OneDrive\Documents\spring-boot\AccountApi)
2022:03:01 14:55:59.201 [restartedMain] DEBUG  -
				Running with Spring Boot v2.4.5, Spring v5.3.6
2022:03:01 14:55:59.202 [restartedMain] INFO   -
				No active profile set, falling back to default profiles: default
2022:03:01 14:55:59.327 [restartedMain] INFO   -
				Tomcat initialized with port(s): 8080 (http)
2022:03:01 14:55:59.328 [restartedMain] INFO   -
				Starting service [Tomcat]
2022:03:01 14:55:59.328 [restartedMain] INFO   -
				Starting Servlet engine: [Apache Tomcat/9.0.45]
2022:03:01 14:55:59.345 [restartedMain] INFO   -
				Initializing Spring embedded WebApplicationContext
2022:03:01 14:55:59.345 [restartedMain] INFO   -
				Root WebApplicationContext: initialization completed in 141 ms
2022:03:01 14:55:59.394 [restartedMain] INFO   -
				LiveReload server is running on port 35729
2022:03:01 14:55:59.401 [restartedMain] INFO   -
				Tomcat started on port(s): 8080 (http) with context path ''
2022:03:01 14:55:59.405 [restartedMain] INFO   -
				Started AccountApiApplication in 0.234 seconds (JVM running for 2882.853)
2022:03:01 14:55:59.407 [restartedMain] INFO   -
				Condition evaluation unchanged
2022:03:01 14:56:13.306 [restartedMain] INFO   -
				Starting AccountApiApplication using Java 15.0.2 on LAPTOP-TK3BVVKC with PID 16260 (C:\Users\91974\OneDrive\Documents\spring-boot\AccountApi\target\classes started by 91974 in C:\Users\91974\OneDrive\Documents\spring-boot\AccountApi)
2022:03:01 14:56:13.306 [restartedMain] DEBUG  -
				Running with Spring Boot v2.4.5, Spring v5.3.6
2022:03:01 14:56:13.306 [restartedMain] INFO   -
				No active profile set, falling back to default profiles: default
2022:03:01 14:56:13.426 [restartedMain] INFO   -
				Tomcat initialized with port(s): 8080 (http)
2022:03:01 14:56:13.427 [restartedMain] INFO   -
				Starting service [Tomcat]
2022:03:01 14:56:13.428 [restartedMain] INFO   -
				Starting Servlet engine: [Apache Tomcat/9.0.45]
2022:03:01 14:56:13.443 [restartedMain] INFO   -
				Initializing Spring embedded WebApplicationContext
2022:03:01 14:56:13.443 [restartedMain] INFO   -
				Root WebApplicationContext: initialization completed in 134 ms
2022:03:01 14:56:13.490 [restartedMain] INFO   -
				LiveReload server is running on port 35729
2022:03:01 14:56:13.496 [restartedMain] INFO   -
				Tomcat started on port(s): 8080 (http) with context path ''
2022:03:01 14:56:13.499 [restartedMain] INFO   -
				Started AccountApiApplication in 0.226 seconds (JVM running for 2896.946)
2022:03:01 14:56:13.501 [restartedMain] INFO   -
				Condition evaluation unchanged
2022:03:01 19:15:11.128 [restartedMain] INFO   -
				Starting AccountApiApplication using Java 15.0.2 on LAPTOP-TK3BVVKC with PID 16260 (C:\Users\91974\OneDrive\Documents\spring-boot\AccountApi\target\classes started by 91974 in C:\Users\91974\OneDrive\Documents\spring-boot\AccountApi)
2022:03:01 19:15:11.128 [restartedMain] DEBUG  -
				Running with Spring Boot v2.4.5, Spring v5.3.6
2022:03:01 19:15:11.129 [restartedMain] INFO   -
				No active profile set, falling back to default profiles: default
2022:03:01 19:15:11.751 [restartedMain] INFO   -
				Tomcat initialized with port(s): 8080 (http)
2022:03:01 19:15:11.753 [restartedMain] INFO   -
				Starting service [Tomcat]
2022:03:01 19:15:11.754 [restartedMain] INFO   -
				Starting Servlet engine: [Apache Tomcat/9.0.45]
2022:03:01 19:15:11.845 [restartedMain] INFO   -
				Initializing Spring embedded WebApplicationContext
2022:03:01 19:15:11.846 [restartedMain] INFO   -
				Root WebApplicationContext: initialization completed in 708 ms
2022:03:01 19:15:11.960 [restartedMain] INFO   -
				LiveReload server is running on port 35729
2022:03:01 19:15:11.974 [restartedMain] INFO   -
				Tomcat started on port(s): 8080 (http) with context path ''
2022:03:01 19:15:11.980 [restartedMain] INFO   -
				Started AccountApiApplication in 0.986 seconds (JVM running for 18435.449)
2022:03:01 19:15:11.982 [restartedMain] INFO   -
				Condition evaluation unchanged
2022:03:01 20:02:51.701 [restartedMain] INFO   -
				Starting AccountApiApplication using Java 15.0.2 on LAPTOP-TK3BVVKC with PID 16260 (C:\Users\91974\OneDrive\Documents\spring-boot\AccountApi\target\classes started by 91974 in C:\Users\91974\OneDrive\Documents\spring-boot\AccountApi)
2022:03:01 20:02:51.701 [restartedMain] DEBUG  -
				Running with Spring Boot v2.4.5, Spring v5.3.6
2022:03:01 20:02:51.701 [restartedMain] INFO   -
				No active profile set, falling back to default profiles: default
2022:03:01 20:02:52.082 [restartedMain] INFO   -
				Tomcat initialized with port(s): 8080 (http)
2022:03:01 20:02:52.083 [restartedMain] INFO   -
				Starting service [Tomcat]
2022:03:01 20:02:52.083 [restartedMain] INFO   -
				Starting Servlet engine: [Apache Tomcat/9.0.45]
2022:03:01 20:02:52.112 [restartedMain] INFO   -
				Initializing Spring embedded WebApplicationContext
2022:03:01 20:02:52.113 [restartedMain] INFO   -
				Root WebApplicationContext: initialization completed in 408 ms
2022:03:01 20:02:52.239 [restartedMain] INFO   -
				LiveReload server is running on port 35729
2022:03:01 20:02:52.258 [restartedMain] INFO   -
				Tomcat started on port(s): 8080 (http) with context path ''
2022:03:01 20:02:52.267 [restartedMain] INFO   -
				Started AccountApiApplication in 0.653 seconds (JVM running for 21295.736)
2022:03:01 20:02:52.269 [restartedMain] INFO   -
				Condition evaluation unchanged
2022:03:01 20:02:54.311 [restartedMain] INFO   -
				Starting AccountApiApplication using Java 15.0.2 on LAPTOP-TK3BVVKC with PID 16260 (C:\Users\91974\OneDrive\Documents\spring-boot\AccountApi\target\classes started by 91974 in C:\Users\91974\OneDrive\Documents\spring-boot\AccountApi)
2022:03:01 20:02:54.312 [restartedMain] DEBUG  -
				Running with Spring Boot v2.4.5, Spring v5.3.6
2022:03:01 20:02:54.312 [restartedMain] INFO   -
				No active profile set, falling back to default profiles: default
2022:03:01 20:02:54.583 [restartedMain] INFO   -
				Tomcat initialized with port(s): 8080 (http)
2022:03:01 20:02:54.585 [restartedMain] INFO   -
				Starting service [Tomcat]
2022:03:01 20:02:54.585 [restartedMain] INFO   -
				Starting Servlet engine: [Apache Tomcat/9.0.45]
2022:03:01 20:02:54.618 [restartedMain] INFO   -
				Initializing Spring embedded WebApplicationContext
2022:03:01 20:02:54.618 [restartedMain] INFO   -
				Root WebApplicationContext: initialization completed in 302 ms
2022:03:01 20:02:54.710 [restartedMain] INFO   -
				LiveReload server is running on port 35729
2022:03:01 20:02:54.725 [restartedMain] INFO   -
				Tomcat started on port(s): 8080 (http) with context path ''
2022:03:01 20:02:54.736 [restartedMain] INFO   -
				Started AccountApiApplication in 0.488 seconds (JVM running for 21298.205)
2022:03:01 20:02:54.738 [restartedMain] INFO   -
				Condition evaluation unchanged
2022:03:01 23:01:43.383 [RMI TCP Connection(371)-127.0.0.1] INFO   -
				Application shutdown requested.
