2022:03:01 14:42:18.770 [restartedMain] INFO  c.a.app.AccountCoreApplication -
				Starting AccountCoreApplication using Java 15.0.2 on LAPTOP-TK3BVVKC with PID 11424 (C:\Users\91974\OneDrive\Documents\spring-boot\AccountCore\target\classes started by 91974 in C:\Users\91974\OneDrive\Documents\spring-boot\AccountCore)
2022:03:01 14:42:18.777 [restartedMain] DEBUG c.a.app.AccountCoreApplication -
				Running with Spring Boot v2.4.5, Spring v5.3.6
2022:03:01 14:42:18.777 [restartedMain] INFO  c.a.app.AccountCoreApplication -
				No active profile set, falling back to default profiles: default
2022:03:01 14:42:18.834 [restartedMain] INFO  o.s.b.d.e.DevToolsPropertyDefaultsPostProcessor -
				Devtools property defaults active! Set 'spring.devtools.add-properties' to 'false' to disable
2022:03:01 14:42:18.835 [restartedMain] INFO  o.s.b.d.e.DevToolsPropertyDefaultsPostProcessor -
				For additional web related logging consider setting the 'logging.level.web' property to 'DEBUG'
2022:03:01 14:42:21.548 [restartedMain] INFO  o.s.d.r.c.RepositoryConfigurationDelegate -
				Bootstrapping Spring Data JPA repositories in DEFAULT mode.
2022:03:01 14:42:21.708 [restartedMain] INFO  o.s.d.r.c.RepositoryConfigurationDelegate -
				Finished Spring Data repository scanning in 137 ms. Found 2 JPA repository interfaces.
2022:03:01 14:42:23.010 [restartedMain] INFO  o.s.b.w.e.tomcat.TomcatWebServer -
				Tomcat initialized with port(s): 8081 (http)
2022:03:01 14:42:23.023 [restartedMain] INFO  o.a.catalina.core.StandardService -
				Starting service [Tomcat]
2022:03:01 14:42:23.024 [restartedMain] INFO  o.a.catalina.core.StandardEngine -
				Starting Servlet engine: [Apache Tomcat/9.0.45]
2022:03:01 14:42:23.504 [restartedMain] INFO  org.apache.jasper.servlet.TldScanner -
				At least one JAR was scanned for TLDs yet contained no TLDs. Enable debug logging for this logger for a complete list of JARs that were scanned but no TLDs were found in them. Skipping unneeded JARs during scanning can improve startup time and JSP compilation time.
2022:03:01 14:42:23.513 [restartedMain] INFO  o.a.c.c.C.[Tomcat].[localhost].[/] -
				Initializing Spring embedded WebApplicationContext
2022:03:01 14:42:23.513 [restartedMain] INFO  o.s.b.w.s.c.ServletWebServerApplicationContext -
				Root WebApplicationContext: initialization completed in 4678 ms
2022:03:01 14:42:25.874 [restartedMain] INFO  o.h.jpa.internal.util.LogHelper -
				HHH000204: Processing PersistenceUnitInfo [name: default]
2022:03:01 14:42:26.303 [restartedMain] INFO  org.hibernate.Version -
				HHH000412: Hibernate ORM core version 5.4.30.Final
2022:03:01 14:42:28.383 [restartedMain] INFO  o.h.annotations.common.Version -
				HCANN000001: Hibernate Commons Annotations {5.1.2.Final}
2022:03:01 14:42:28.797 [restartedMain] INFO  com.zaxxer.hikari.HikariDataSource -
				HikariPool-1 - Starting...
2022:03:01 14:42:40.361 [restartedMain] INFO  com.zaxxer.hikari.HikariDataSource -
				HikariPool-1 - Start completed.
2022:03:01 14:42:41.116 [restartedMain] INFO  org.hibernate.dialect.Dialect -
				HHH000400: Using dialect: org.hibernate.dialect.MySQL8Dialect
2022:03:01 14:42:50.316 [restartedMain] INFO  o.h.e.t.j.p.i.JtaPlatformInitiator -
				HHH000490: Using JtaPlatform implementation: [org.hibernate.engine.transaction.jta.platform.internal.NoJtaPlatform]
2022:03:01 14:42:50.393 [restartedMain] INFO  o.s.o.j.LocalContainerEntityManagerFactoryBean -
				Initialized JPA EntityManagerFactory for persistence unit 'default'
2022:03:01 14:42:50.478 [restartedMain] WARN  o.s.b.d.a.OptionalLiveReloadServer -
				Unable to start LiveReload server
2022:03:01 14:42:51.818 [restartedMain] WARN  o.s.b.a.o.j.JpaBaseConfiguration$JpaWebConfiguration -
				spring.jpa.open-in-view is enabled by default. Therefore, database queries may be performed during view rendering. Explicitly configure spring.jpa.open-in-view to disable this warning
2022:03:01 14:42:51.999 [restartedMain] INFO  o.s.s.c.ThreadPoolTaskExecutor -
				Initializing ExecutorService 'applicationTaskExecutor'
2022:03:01 14:42:53.671 [restartedMain] INFO  o.s.b.w.e.tomcat.TomcatWebServer -
				Tomcat started on port(s): 8081 (http) with context path ''
2022:03:01 14:42:53.686 [restartedMain] INFO  c.a.app.AccountCoreApplication -
				Started AccountCoreApplication in 35.381 seconds (JVM running for 36.875)
2022:03:01 14:45:30.368 [http-nio-8081-exec-1] INFO  o.a.c.c.C.[Tomcat].[localhost].[/] -
				Initializing Spring DispatcherServlet 'dispatcherServlet'
2022:03:01 14:45:30.368 [http-nio-8081-exec-1] INFO  o.s.web.servlet.DispatcherServlet -
				Initializing Servlet 'dispatcherServlet'
2022:03:01 14:45:30.375 [http-nio-8081-exec-1] INFO  o.s.web.servlet.DispatcherServlet -
				Completed initialization in 7 ms
2022:03:01 14:48:44.292 [Thread-1] INFO  o.s.s.c.ThreadPoolTaskExecutor -
				Shutting down ExecutorService 'applicationTaskExecutor'
2022:03:01 14:48:44.295 [Thread-1] INFO  o.s.o.j.LocalContainerEntityManagerFactoryBean -
				Closing JPA EntityManagerFactory for persistence unit 'default'
2022:03:01 14:48:44.303 [Thread-1] INFO  com.zaxxer.hikari.HikariDataSource -
				HikariPool-1 - Shutdown initiated...
2022:03:01 14:48:44.444 [Thread-1] INFO  com.zaxxer.hikari.HikariDataSource -
				HikariPool-1 - Shutdown completed.
2022:03:01 14:48:44.608 [restartedMain] INFO  c.a.app.AccountCoreApplication -
				Starting AccountCoreApplication using Java 15.0.2 on LAPTOP-TK3BVVKC with PID 11424 (C:\Users\91974\OneDrive\Documents\spring-boot\AccountCore\target\classes started by 91974 in C:\Users\91974\OneDrive\Documents\spring-boot\AccountCore)
2022:03:01 14:48:44.608 [restartedMain] DEBUG c.a.app.AccountCoreApplication -
				Running with Spring Boot v2.4.5, Spring v5.3.6
2022:03:01 14:48:44.608 [restartedMain] INFO  c.a.app.AccountCoreApplication -
				No active profile set, falling back to default profiles: default
2022:03:01 14:48:44.816 [restartedMain] INFO  o.s.d.r.c.RepositoryConfigurationDelegate -
				Bootstrapping Spring Data JPA repositories in DEFAULT mode.
2022:03:01 14:48:44.836 [restartedMain] INFO  o.s.d.r.c.RepositoryConfigurationDelegate -
				Finished Spring Data repository scanning in 19 ms. Found 2 JPA repository interfaces.
2022:03:01 14:48:45.350 [restartedMain] INFO  o.s.b.w.e.tomcat.TomcatWebServer -
				Tomcat initialized with port(s): 8081 (http)
2022:03:01 14:48:45.351 [restartedMain] INFO  o.a.catalina.core.StandardService -
				Starting service [Tomcat]
2022:03:01 14:48:45.351 [restartedMain] INFO  o.a.catalina.core.StandardEngine -
				Starting Servlet engine: [Apache Tomcat/9.0.45]
2022:03:01 14:48:45.552 [restartedMain] INFO  org.apache.jasper.servlet.TldScanner -
				At least one JAR was scanned for TLDs yet contained no TLDs. Enable debug logging for this logger for a complete list of JARs that were scanned but no TLDs were found in them. Skipping unneeded JARs during scanning can improve startup time and JSP compilation time.
2022:03:01 14:48:45.553 [restartedMain] INFO  o.a.c.c.C.[Tomcat].[localhost].[/] -
				Initializing Spring embedded WebApplicationContext
2022:03:01 14:48:45.553 [restartedMain] INFO  o.s.b.w.s.c.ServletWebServerApplicationContext -
				Root WebApplicationContext: initialization completed in 943 ms
2022:03:01 14:48:45.589 [restartedMain] INFO  o.h.jpa.internal.util.LogHelper -
				HHH000204: Processing PersistenceUnitInfo [name: default]
2022:03:01 14:48:45.594 [restartedMain] INFO  com.zaxxer.hikari.HikariDataSource -
				HikariPool-2 - Starting...
2022:03:01 14:48:45.791 [restartedMain] INFO  com.zaxxer.hikari.HikariDataSource -
				HikariPool-2 - Start completed.
2022:03:01 14:48:45.792 [restartedMain] INFO  org.hibernate.dialect.Dialect -
				HHH000400: Using dialect: org.hibernate.dialect.MySQL8Dialect
2022:03:01 14:48:46.052 [restartedMain] INFO  o.h.e.t.j.p.i.JtaPlatformInitiator -
				HHH000490: Using JtaPlatform implementation: [org.hibernate.engine.transaction.jta.platform.internal.NoJtaPlatform]
2022:03:01 14:48:46.053 [restartedMain] INFO  o.s.o.j.LocalContainerEntityManagerFactoryBean -
				Initialized JPA EntityManagerFactory for persistence unit 'default'
2022:03:01 14:48:46.067 [restartedMain] WARN  o.s.b.d.a.OptionalLiveReloadServer -
				Unable to start LiveReload server
2022:03:01 14:48:46.163 [restartedMain] WARN  o.s.b.a.o.j.JpaBaseConfiguration$JpaWebConfiguration -
				spring.jpa.open-in-view is enabled by default. Therefore, database queries may be performed during view rendering. Explicitly configure spring.jpa.open-in-view to disable this warning
2022:03:01 14:48:46.198 [restartedMain] INFO  o.s.s.c.ThreadPoolTaskExecutor -
				Initializing ExecutorService 'applicationTaskExecutor'
2022:03:01 14:48:46.266 [restartedMain] INFO  o.s.b.w.e.tomcat.TomcatWebServer -
				Tomcat started on port(s): 8081 (http) with context path ''
2022:03:01 14:48:46.273 [restartedMain] INFO  c.a.app.AccountCoreApplication -
				Started AccountCoreApplication in 1.719 seconds (JVM running for 389.461)
2022:03:01 14:48:46.275 [restartedMain] INFO  o.s.b.d.a.ConditionEvaluationDeltaLoggingListener -
				Condition evaluation unchanged
2022:03:01 14:48:56.626 [http-nio-8081-exec-1] INFO  o.a.c.c.C.[Tomcat].[localhost].[/] -
				Initializing Spring DispatcherServlet 'dispatcherServlet'
2022:03:01 14:48:56.627 [http-nio-8081-exec-1] INFO  o.s.web.servlet.DispatcherServlet -
				Initializing Servlet 'dispatcherServlet'
2022:03:01 14:48:56.628 [http-nio-8081-exec-1] INFO  o.s.web.servlet.DispatcherServlet -
				Completed initialization in 0 ms
2022:03:01 18:40:54.850 [HikariPool-2 housekeeper] WARN  com.zaxxer.hikari.pool.HikariPool -
				HikariPool-2 - Thread starvation or clock leap detected (housekeeper delta=3h29m8s634ms556µs800ns).
2022:03:01 23:01:49.877 [RMI TCP Connection(312)-127.0.0.1] INFO  o.s.b.a.SpringApplicationAdminMXBeanRegistrar$SpringApplicationAdmin -
				Application shutdown requested.
2022:03:01 23:01:52.629 [RMI TCP Connection(312)-127.0.0.1] INFO  o.s.s.c.ThreadPoolTaskExecutor -
				Shutting down ExecutorService 'applicationTaskExecutor'
2022:03:01 23:01:52.706 [RMI TCP Connection(312)-127.0.0.1] INFO  o.s.o.j.LocalContainerEntityManagerFactoryBean -
				Closing JPA EntityManagerFactory for persistence unit 'default'
2022:03:01 23:01:53.116 [RMI TCP Connection(312)-127.0.0.1] INFO  com.zaxxer.hikari.HikariDataSource -
				HikariPool-2 - Shutdown initiated...
2022:03:01 23:01:53.158 [RMI TCP Connection(312)-127.0.0.1] INFO  com.zaxxer.hikari.HikariDataSource -
				HikariPool-2 - Shutdown completed.
